$ biome check .
src/client/browser.ts:5:5 lint/style/noNonNullAssertion ━━━━━━━━━━━━━━━━━━━━━━━━━━━━━━━━━━━━━━━━━━━━

  ! Forbidden non-null assertion.
  
    3 │ export function createClient() {
    4 │   return createBrowserClient(
  > 5 │     process.env.NEXT_PUBLIC_SUPABASE_URL!,
      │     ^^^^^^^^^^^^^^^^^^^^^^^^^^^^^^^^^^^^^
    6 │     process.env.NEXT_PUBLIC_SUPABASE_ANON_KEY!,
    7 │   );
  

src/client/browser.ts:6:5 lint/style/noNonNullAssertion ━━━━━━━━━━━━━━━━━━━━━━━━━━━━━━━━━━━━━━━━━━━━

  ! Forbidden non-null assertion.
  
    4 │   return createBrowserClient(
    5 │     process.env.NEXT_PUBLIC_SUPABASE_URL!,
  > 6 │     process.env.NEXT_PUBLIC_SUPABASE_ANON_KEY!,
      │     ^^^^^^^^^^^^^^^^^^^^^^^^^^^^^^^^^^^^^^^^^^
    7 │   );
    8 │ }
  

src/client/server.ts:8:5 lint/style/noNonNullAssertion ━━━━━━━━━━━━━━━━━━━━━━━━━━━━━━━━━━━━━━━━━━━━━

  ! Forbidden non-null assertion.
  
     7 │   return createServerClient(
   > 8 │     process.env.NEXT_PUBLIC_SUPABASE_URL!,
       │     ^^^^^^^^^^^^^^^^^^^^^^^^^^^^^^^^^^^^^
     9 │     process.env.NEXT_PUBLIC_SUPABASE_ANON_KEY!,
    10 │     {
  

src/client/server.ts:9:5 lint/style/noNonNullAssertion ━━━━━━━━━━━━━━━━━━━━━━━━━━━━━━━━━━━━━━━━━━━━━

  ! Forbidden non-null assertion.
  
     7 │   return createServerClient(
     8 │     process.env.NEXT_PUBLIC_SUPABASE_URL!,
   > 9 │     process.env.NEXT_PUBLIC_SUPABASE_ANON_KEY!,
       │     ^^^^^^^^^^^^^^^^^^^^^^^^^^^^^^^^^^^^^^^^^^
    10 │     {
    11 │       cookies: {
  

Checked 5 files in 17ms. No fixes applied.
Found 4 warnings.
